1609489068962	geckodriver	INFO	Listening on 127.0.0.1:41267
1609489069968	mozrunner::runner	INFO	Running command: "/usr/bin/firefox" "--marionette" "-foreground" "-no-remote" "-profile" "/tmp/rust_mozprofileORE6qe"
console.warn: SearchSettings: "get: No settings file exists, new profile?" (new Error("", "(unknown module)"))
1609489072524	Marionette	INFO	Listening on port 38809
1609489072601	Marionette	WARN	TLS certificate errors will be ignored for this session
1609489100903	Marionette	INFO	Stopped listening on port 38809
1609489102802	geckodriver	INFO	Listening on 127.0.0.1:45139
1609489102806	mozrunner::runner	INFO	Running command: "/usr/bin/firefox" "--marionette" "-foreground" "-no-remote" "-profile" "/tmp/rust_mozprofileiOGfkN"
console.warn: SearchSettings: "get: No settings file exists, new profile?" (new Error("", "(unknown module)"))
1609489104713	Marionette	INFO	Listening on port 33953
1609489104832	Marionette	WARN	TLS certificate errors will be ignored for this session
1609489106241	Marionette	INFO	Stopped listening on port 33953
1609489624712	geckodriver	INFO	Listening on 127.0.0.1:53135
1609489625722	mozrunner::runner	INFO	Running command: "/usr/bin/firefox" "--marionette" "-foreground" "-no-remote" "-profile" "/tmp/rust_mozprofileF0fBw4"
console.warn: SearchSettings: "get: No settings file exists, new profile?" (new Error("", "(unknown module)"))
1609489627541	Marionette	INFO	Listening on port 39153
1609489627650	Marionette	WARN	TLS certificate errors will be ignored for this session
JavaScript warning: http://static.contineljs.com/core/admcoreext.js, line 357: unreachable code after return statement
JavaScript warning: http://static.contineljs.com/core/admcoreext.js, line 357: unreachable code after return statement
1609489628590	Marionette	INFO	Stopped listening on port 39153
JavaScript error: resource://activity-stream/lib/ASRouter.jsm, line 987: NS_ERROR_ILLEGAL_VALUE: Component returned failure code: 0x80070057 (NS_ERROR_ILLEGAL_VALUE) [nsIObserverService.removeObserver]
JavaScript error: https://static.contineljs.com/core/corecontineljs.js, line 467: NS_ERROR_UNEXPECTED: 
JavaScript error: resource:///modules/FaviconLoader.jsm, line 596: InvalidStateError: JSWindowActorChild.sendAsyncMessage: JSWindowActorChild cannot send at the moment
1609489650904	geckodriver	INFO	Listening on 127.0.0.1:41917
1609489650907	mozrunner::runner	INFO	Running command: "/usr/bin/firefox" "--marionette" "-foreground" "-no-remote" "-profile" "/tmp/rust_mozprofileIR34zF"
console.warn: SearchSettings: "get: No settings file exists, new profile?" (new Error("", "(unknown module)"))
1609489652505	Marionette	INFO	Listening on port 34005
1609489652529	Marionette	WARN	TLS certificate errors will be ignored for this session
JavaScript warning: http://static.contineljs.com/core/admcoreext.js, line 357: unreachable code after return statement
JavaScript warning: http://static.contineljs.com/core/admcoreext.js, line 357: unreachable code after return statement
JavaScript error: https://static.contineljs.com/core/balloon-ssp.js, line 81: TypeError: a is null
1609489703891	geckodriver	INFO	Listening on 127.0.0.1:50007
1609489703895	mozrunner::runner	INFO	Running command: "/usr/bin/firefox" "--marionette" "-foreground" "-no-remote" "-profile" "/tmp/rust_mozprofilek3tM4N"
console.warn: SearchSettings: "get: No settings file exists, new profile?" (new Error("", "(unknown module)"))
JavaScript error: http://player.sohatv.vn/resource/AdsTestPlayer/core/AdsTestPlayer.core.min.js?t=1607311817572, line 14: TypeError: this.el_ is null
1609489706212	Marionette	INFO	Listening on port 41479
1609489706299	Marionette	INFO	Stopped listening on port 34005
1609489706321	Marionette	WARN	TLS certificate errors will be ignored for this session
JavaScript warning: http://static.contineljs.com/core/admcoreext.js, line 357: unreachable code after return statement
JavaScript warning: http://static.contineljs.com/core/admcoreext.js, line 357: unreachable code after return statement
1609489707541	Marionette	INFO	Stopped listening on port 41479

###!!! [Child][RunMessage] Error: Channel closing: too late to send/recv, messages will be lost

1609510009760	geckodriver	INFO	Listening on 127.0.0.1:52563
1609510010764	mozrunner::runner	INFO	Running command: "/usr/bin/firefox" "--marionette" "-foreground" "-no-remote" "-profile" "/tmp/rust_mozprofile1Nl0nt"
console.warn: SearchSettings: "get: No settings file exists, new profile?" (new Error("", "(unknown module)"))
1609510012775	Marionette	INFO	Listening on port 36155
1609510012895	Marionette	WARN	TLS certificate errors will be ignored for this session
JavaScript warning: https://static.contineljs.com/core/admcoreext.js, line 357: unreachable code after return statement
JavaScript error: , line 0: NotFoundError: No such JSWindowActor 'MarionetteEvents'
JavaScript error: , line 0: NotFoundError: No such JSWindowActor 'MarionetteEvents'
1609510032928	Marionette	INFO	Stopped listening on port 36155
1609510081764	geckodriver	INFO	Listening on 127.0.0.1:46349
1609510082777	mozrunner::runner	INFO	Running command: "/usr/bin/firefox" "--marionette" "-foreground" "-no-remote" "-profile" "/tmp/rust_mozprofilekZer74"
console.warn: SearchSettings: "get: No settings file exists, new profile?" (new Error("", "(unknown module)"))
1609510084806	Marionette	INFO	Listening on port 37549
1609510084910	Marionette	WARN	TLS certificate errors will be ignored for this session
JavaScript error: https://adi.admicro.vn/adt/cpc/tvcads/files/js/vietnambiz_inpage/group_site_vietnambiz.js, line 2: TypeError: document.getElementsByClassName(...)[0] is undefined
JavaScript warning: https://static.contineljs.com/core/admcoreext.js, line 357: unreachable code after return statement
SourceActor threw an exception: [Exception... "Failed to open input source 'javascript:if(typeof(adnzone509034)!='undefined'){adnzone509034.renderIframe();}else{parent.adnzone509034.renderIframe();}'"  nsresult: "0x80040111 (NS_ERROR_NOT_AVAILABLE)"  location: "JS frame :: resource://devtools/shared/DevToolsUtils.js :: mainThreadFetch/< :: line 668"  data: yes]
Stack: mainThreadFetch/<@resource://devtools/shared/DevToolsUtils.js:668:15
mainThreadFetch@resource://devtools/shared/DevToolsUtils.js:516:10
_fetchURLContents@resource://devtools/server/actors/utils/sources-manager.js:439:22
urlContents@resource://devtools/server/actors/utils/sources-manager.js:406:17
_resurrectSource@resource://devtools/server/actors/thread.js:2093:35
addAllSources@resource://devtools/server/actors/thread.js:1476:14
sources@resource://devtools/server/actors/thread.js:1482:10
handler@resource://devtools/shared/protocol/Actor.js:172:37
onPacket@resource://devtools/server/devtools-server-connection.js:379:58
receiveMessage@resource://devtools/shared/transport/child-transport.js:68:16
Line: 668, column: 0
console.error: ({})
SourceActor threw an exception: [Exception... "Failed to open input source 'javascript:if(typeof(adnzone485426)!='undefined'){adnzone485426.renderIframe();}else{parent.adnzone485426.renderIframe();}'"  nsresult: "0x80040111 (NS_ERROR_NOT_AVAILABLE)"  location: "JS frame :: resource://devtools/shared/DevToolsUtils.js :: mainThreadFetch/< :: line 668"  data: yes]
Stack: mainThreadFetch/<@resource://devtools/shared/DevToolsUtils.js:668:15
mainThreadFetch@resource://devtools/shared/DevToolsUtils.js:516:10
_fetchURLContents@resource://devtools/server/actors/utils/sources-manager.js:439:22
urlContents@resource://devtools/server/actors/utils/sources-manager.js:406:17
_resurrectSource@resource://devtools/server/actors/thread.js:2093:35
addAllSources@resource://devtools/server/actors/thread.js:1476:14
sources@resource://devtools/server/actors/thread.js:1482:10
handler@resource://devtools/shared/protocol/Actor.js:172:37
onPacket@resource://devtools/server/devtools-server-connection.js:379:58
receiveMessage@resource://devtools/shared/transport/child-transport.js:68:16
Line: 668, column: 0
console.error: ({})
SourceActor threw an exception: [Exception... "Failed to open input source 'javascript:if(typeof(adnzone485424)!='undefined'){adnzone485424.renderIframe();}else{parent.adnzone485424.renderIframe();}'"  nsresult: "0x80040111 (NS_ERROR_NOT_AVAILABLE)"  location: "JS frame :: resource://devtools/shared/DevToolsUtils.js :: mainThreadFetch/< :: line 668"  data: yes]
Stack: mainThreadFetch/<@resource://devtools/shared/DevToolsUtils.js:668:15
mainThreadFetch@resource://devtools/shared/DevToolsUtils.js:516:10
_fetchURLContents@resource://devtools/server/actors/utils/sources-manager.js:439:22
urlContents@resource://devtools/server/actors/utils/sources-manager.js:406:17
_resurrectSource@resource://devtools/server/actors/thread.js:2093:35
addAllSources@resource://devtools/server/actors/thread.js:1476:14
sources@resource://devtools/server/actors/thread.js:1482:10
handler@resource://devtools/shared/protocol/Actor.js:172:37
onPacket@resource://devtools/server/devtools-server-connection.js:379:58
receiveMessage@resource://devtools/shared/transport/child-transport.js:68:16
Line: 668, column: 0
console.error: ({})
SourceActor threw an exception: [Exception... "Failed to open input source 'javascript:if(typeof(cpmzone509421)!='undefined'){cpmzone509421.renderIframe();}else{parent.cpmzone509421.renderIframe();}'"  nsresult: "0x80040111 (NS_ERROR_NOT_AVAILABLE)"  location: "JS frame :: resource://devtools/shared/DevToolsUtils.js :: mainThreadFetch/< :: line 668"  data: yes]
Stack: mainThreadFetch/<@resource://devtools/shared/DevToolsUtils.js:668:15
mainThreadFetch@resource://devtools/shared/DevToolsUtils.js:516:10
_fetchURLContents@resource://devtools/server/actors/utils/sources-manager.js:439:22
urlContents@resource://devtools/server/actors/utils/sources-manager.js:406:17
_resurrectSource@resource://devtools/server/actors/thread.js:2093:35
addAllSources@resource://devtools/server/actors/thread.js:1476:14
sources@resource://devtools/server/actors/thread.js:1482:10
handler@resource://devtools/shared/protocol/Actor.js:172:37
onPacket@resource://devtools/server/devtools-server-connection.js:379:58
receiveMessage@resource://devtools/shared/transport/child-transport.js:68:16
Line: 668, column: 0
console.error: ({})
SourceActor threw an exception: [Exception... "Failed to open input source 'javascript:if(typeof(cpmzone485421)!='undefined'){cpmzone485421.renderIframe();}else{parent.cpmzone485421.renderIframe();}'"  nsresult: "0x80040111 (NS_ERROR_NOT_AVAILABLE)"  location: "JS frame :: resource://devtools/shared/DevToolsUtils.js :: mainThreadFetch/< :: line 668"  data: yes]
Stack: mainThreadFetch/<@resource://devtools/shared/DevToolsUtils.js:668:15
mainThreadFetch@resource://devtools/shared/DevToolsUtils.js:516:10
_fetchURLContents@resource://devtools/server/actors/utils/sources-manager.js:439:22
urlContents@resource://devtools/server/actors/utils/sources-manager.js:406:17
_resurrectSource@resource://devtools/server/actors/thread.js:2093:35
addAllSources@resource://devtools/server/actors/thread.js:1476:14
sources@resource://devtools/server/actors/thread.js:1482:10
handler@resource://devtools/shared/protocol/Actor.js:172:37
onPacket@resource://devtools/server/devtools-server-connection.js:379:58
receiveMessage@resource://devtools/shared/transport/child-transport.js:68:16
Line: 668, column: 0
console.error: ({})
SourceActor threw an exception: [Exception... "Failed to open input source 'javascript:if(typeof(adnzone490180)!='undefined'){adnzone490180.renderIframe();}else{parent.adnzone490180.renderIframe();}'"  nsresult: "0x80040111 (NS_ERROR_NOT_AVAILABLE)"  location: "JS frame :: resource://devtools/shared/DevToolsUtils.js :: mainThreadFetch/< :: line 668"  data: yes]
Stack: mainThreadFetch/<@resource://devtools/shared/DevToolsUtils.js:668:15
mainThreadFetch@resource://devtools/shared/DevToolsUtils.js:516:10
_fetchURLContents@resource://devtools/server/actors/utils/sources-manager.js:439:22
urlContents@resource://devtools/server/actors/utils/sources-manager.js:406:17
_resurrectSource@resource://devtools/server/actors/thread.js:2093:35
addAllSources@resource://devtools/server/actors/thread.js:1476:14
sources@resource://devtools/server/actors/thread.js:1482:10
handler@resource://devtools/shared/protocol/Actor.js:172:37
onPacket@resource://devtools/server/devtools-server-connection.js:379:58
receiveMessage@resource://devtools/shared/transport/child-transport.js:68:16
Line: 668, column: 0
console.error: ({})
SourceActor threw an exception: [Exception... "Component returned failure code: 0x80470002 (NS_BASE_STREAM_CLOSED) [nsIInputStream.available]"  nsresult: "0x80470002 (NS_BASE_STREAM_CLOSED)"  location: "JS frame :: resource://devtools/shared/DevToolsUtils.js :: onResponse :: line 567"  data: no]
Stack: onResponse@resource://devtools/shared/DevToolsUtils.js:567:34
onStopRequest@resource://gre/modules/NetUtil.jsm:128:18
Line: 567, column: 0
console.error: ({})
JavaScript error: resource://devtools/shared/DevToolsUtils.js, line 668: NS_ERROR_NOT_AVAILABLE: Failed to open input source 'javascript:if(typeof(adnzone509034)!='undefined'){adnzone509034.renderIframe();}else{parent.adnzone509034.renderIframe();}'
JavaScript error: resource://devtools/shared/DevToolsUtils.js, line 668: NS_ERROR_NOT_AVAILABLE: Failed to open input source 'javascript:if(typeof(adnzone485426)!='undefined'){adnzone485426.renderIframe();}else{parent.adnzone485426.renderIframe();}'
JavaScript error: resource://devtools/shared/DevToolsUtils.js, line 668: NS_ERROR_NOT_AVAILABLE: Failed to open input source 'javascript:if(typeof(adnzone485424)!='undefined'){adnzone485424.renderIframe();}else{parent.adnzone485424.renderIframe();}'
JavaScript error: resource://devtools/shared/DevToolsUtils.js, line 668: NS_ERROR_NOT_AVAILABLE: Failed to open input source 'javascript:if(typeof(cpmzone509421)!='undefined'){cpmzone509421.renderIframe();}else{parent.cpmzone509421.renderIframe();}'
JavaScript error: resource://devtools/shared/DevToolsUtils.js, line 668: NS_ERROR_NOT_AVAILABLE: Failed to open input source 'javascript:if(typeof(cpmzone485421)!='undefined'){cpmzone485421.renderIframe();}else{parent.cpmzone485421.renderIframe();}'
JavaScript error: resource://devtools/shared/DevToolsUtils.js, line 668: NS_ERROR_NOT_AVAILABLE: Failed to open input source 'javascript:if(typeof(adnzone490180)!='undefined'){adnzone490180.renderIframe();}else{parent.adnzone490180.renderIframe();}'
JavaScript error: resource://devtools/shared/DevToolsUtils.js, line 567: NS_BASE_STREAM_CLOSED: Component returned failure code: 0x80470002 (NS_BASE_STREAM_CLOSED) [nsIInputStream.available]
Exiting due to channel error.
Exiting due to channel error.
Exiting due to channel error.
1609510195766	geckodriver	INFO	Listening on 127.0.0.1:32839
1609510195771	mozrunner::runner	INFO	Running command: "/usr/bin/firefox" "--marionette" "-foreground" "-no-remote" "-profile" "/tmp/rust_mozprofileqTNcaG"
console.warn: SearchSettings: "get: No settings file exists, new profile?" (new Error("", "(unknown module)"))
1609510197837	Marionette	INFO	Listening on port 39779
1609510197895	Marionette	WARN	TLS certificate errors will be ignored for this session
JavaScript error: https://adi.admicro.vn/adt/cpc/tvcads/files/js/vietnambiz_inpage/group_site_vietnambiz.js, line 2: TypeError: document.getElementsByClassName(...)[0] is undefined
JavaScript warning: https://static.contineljs.com/core/admcoreext.js, line 357: unreachable code after return statement
Exiting due to channel error.
Exiting due to channel error.
Exiting due to channel error.
1609510269364	geckodriver	INFO	Listening on 127.0.0.1:43695
1609510269375	mozrunner::runner	INFO	Running command: "/usr/bin/firefox" "--marionette" "-foreground" "-no-remote" "-profile" "/tmp/rust_mozprofile6aMFDh"
console.warn: SearchSettings: "get: No settings file exists, new profile?" (new Error("", "(unknown module)"))
1609510271490	Marionette	INFO	Listening on port 39959
1609510271605	Marionette	WARN	TLS certificate errors will be ignored for this session
JavaScript error: https://adi.admicro.vn/adt/cpc/tvcads/files/js/vietnambiz_inpage/group_site_vietnambiz.js, line 2: TypeError: document.getElementsByClassName(...)[0] is undefined
JavaScript warning: https://static.contineljs.com/core/admcoreext.js, line 357: unreachable code after return statement
JavaScript error: , line 0: NotFoundError: No such JSWindowActor 'MarionetteEvents'
JavaScript error: , line 0: NotFoundError: No such JSWindowActor 'MarionetteEvents'
1609510320125	Marionette	INFO	Stopped listening on port 39959
1609510327060	geckodriver	INFO	Listening on 127.0.0.1:36813
1609510327075	mozrunner::runner	INFO	Running command: "/usr/bin/firefox" "--marionette" "-foreground" "-no-remote" "-profile" "/tmp/rust_mozprofile8kMXXv"
console.warn: SearchSettings: "get: No settings file exists, new profile?" (new Error("", "(unknown module)"))
1609510328863	Marionette	INFO	Listening on port 37619
1609510328928	Marionette	WARN	TLS certificate errors will be ignored for this session
JavaScript error: https://adi.admicro.vn/adt/cpc/tvcads/files/js/vietnambiz_inpage/group_site_vietnambiz.js, line 2: TypeError: document.getElementsByClassName(...)[0] is undefined
JavaScript warning: https://static.contineljs.com/core/admcoreext.js, line 357: unreachable code after return statement
1609510472510	geckodriver	INFO	Listening on 127.0.0.1:56053
1609510472523	mozrunner::runner	INFO	Running command: "/usr/bin/firefox" "--marionette" "-foreground" "-no-remote" "-profile" "/tmp/rust_mozprofilej3eX4B"
console.warn: SearchSettings: "get: No settings file exists, new profile?" (new Error("", "(unknown module)"))
1609510474872	Marionette	INFO	Listening on port 35393
1609510474968	Marionette	WARN	TLS certificate errors will be ignored for this session
1609510475644	Marionette	INFO	Stopped listening on port 37619
JavaScript error: https://adi.admicro.vn/adt/cpc/tvcads/files/js/vietnambiz_inpage/group_site_vietnambiz.js, line 2: TypeError: document.getElementsByClassName(...)[0] is undefined
JavaScript warning: https://static.contineljs.com/core/admcoreext.js, line 357: unreachable code after return statement
1609510491248	Marionette	WARN	Ignoring event 'pageshow' because document has an invalid readyState of 'uninitialized'.
JavaScript error: https://cdnstoremedia.com/adt/amt/2020/11/640x3-amt5fe55e71b4193.html, line 73: TypeError: cjs.Bitmap is not a constructor
JavaScript error: https://cdnstoremedia.com/adt/amt/2020/11/640x3-amt5fe55e71b4193.html, line 21: TypeError: AdobeAn.getComposition is not a function
Exiting due to channel error.
Exiting due to channel error.
Exiting due to channel error.
1609510604020	geckodriver	INFO	Listening on 127.0.0.1:52317
1609510604037	mozrunner::runner	INFO	Running command: "/usr/bin/firefox" "--marionette" "-foreground" "-no-remote" "-profile" "/tmp/rust_mozprofile14JARw"
console.warn: SearchSettings: "get: No settings file exists, new profile?" (new Error("", "(unknown module)"))
1609510605927	Marionette	INFO	Listening on port 35717
1609510605964	Marionette	WARN	TLS certificate errors will be ignored for this session
JavaScript error: https://adi.admicro.vn/adt/cpc/tvcads/files/js/vietnambiz_inpage/group_site_vietnambiz.js, line 2: TypeError: document.getElementsByClassName(...)[0] is undefined
JavaScript warning: https://static.contineljs.com/core/admcoreext.js, line 357: unreachable code after return statement
JavaScript error: https://cdnstoremedia.com/adt/amt/2020/11/640x3-amt5fe55e71b4193.html, line 73: TypeError: cjs.Bitmap is not a constructor
JavaScript error: https://cdnstoremedia.com/adt/amt/2020/11/640x3-amt5fe55e71b4193.html, line 21: TypeError: AdobeAn.getComposition is not a function
1609510683174	Marionette	INFO	Stopped listening on port 35717
1609510703671	geckodriver	INFO	Listening on 127.0.0.1:39543
1609510703678	mozrunner::runner	INFO	Running command: "/usr/bin/firefox" "--marionette" "-foreground" "-no-remote" "-profile" "/tmp/rust_mozprofilePmMyCp"
console.warn: SearchSettings: "get: No settings file exists, new profile?" (new Error("", "(unknown module)"))
1609510705468	Marionette	INFO	Listening on port 35375
1609510705524	Marionette	WARN	TLS certificate errors will be ignored for this session
JavaScript error: https://adi.admicro.vn/adt/cpc/tvcads/files/js/vietnambiz_inpage/group_site_vietnambiz.js, line 2: TypeError: document.getElementsByClassName(...)[0] is undefined
JavaScript warning: https://static.contineljs.com/core/admcoreext.js, line 357: unreachable code after return statement
JavaScript error: , line 0: NotFoundError: No such JSWindowActor 'MarionetteEvents'
JavaScript error: , line 0: NotFoundError: No such JSWindowActor 'MarionetteEvents'
1609510717666	Marionette	INFO	Stopped listening on port 35375
JavaScript error: resource://gre/modules/Sqlite.jsm, line 1031: Error: Sqlite.jsm has been shutdown. Cannot open connection to: /tmp/rust_mozprofilePmMyCp/protections.sqlite
1609511546831	geckodriver	INFO	Listening on 127.0.0.1:46409
1609511547838	mozrunner::runner	INFO	Running command: "/usr/bin/firefox" "--marionette" "-foreground" "-no-remote" "-profile" "/tmp/rust_mozprofilennvBvt"
console.warn: SearchSettings: "get: No settings file exists, new profile?" (new Error("", "(unknown module)"))
1609511550126	Marionette	INFO	Listening on port 42455
1609511550168	Marionette	WARN	TLS certificate errors will be ignored for this session
JavaScript error: https://adi.admicro.vn/adt/cpc/tvcads/files/js/vietnambiz_inpage/group_site_vietnambiz.js, line 2: TypeError: document.getElementsByClassName(...)[0] is undefined
JavaScript warning: https://static.contineljs.com/core/admcoreext.js, line 357: unreachable code after return statement
JavaScript error: , line 0: NotFoundError: No such JSWindowActor 'MarionetteEvents'
JavaScript error: , line 0: NotFoundError: No such JSWindowActor 'MarionetteEvents'
1609511575180	Marionette	INFO	Stopped listening on port 42455
JavaScript error: resource://gre/modules/Sqlite.jsm, line 1031: Error: Sqlite.jsm has been shutdown. Cannot open connection to: /tmp/rust_mozprofilennvBvt/protections.sqlite

###!!! [Child][MessageChannel] Error: (msgtype=0x5C000E,name=PHttpChannel::Msg___delete__) Channel closing: too late to send/recv, messages will be lost


###!!! [Child][MessageChannel] Error: (msgtype=0x6C0027,name=PNecko::Msg_RemoveRequestContext) Channel closing: too late to send/recv, messages will be lost


###!!! [Child][RunMessage] Error: Channel closing: too late to send/recv, messages will be lost


###!!! [Child][RunMessage] Error: Channel closing: too late to send/recv, messages will be lost


###!!! [Child][MessageChannel] Error: (msgtype=0x6C0016,name=PNecko::Msg_PredLearn) Channel closing: too late to send/recv, messages will be lost


###!!! [Child][MessageChannel] Error: (msgtype=0x6C0016,name=PNecko::Msg_PredLearn) Channel closing: too late to send/recv, messages will be lost


###!!! [Child][MessageChannel] Error: (msgtype=0x3A0144,name=PContent::Msg_ScriptError) Channel closing: too late to send/recv, messages will be lost


###!!! [Child][MessageChannel] Error: (msgtype=0x3A0144,name=PContent::Msg_ScriptError) Channel closing: too late to send/recv, messages will be lost


###!!! [Child][MessageChannel] Error: (msgtype=0x3A0144,name=PContent::Msg_ScriptError) Channel closing: too late to send/recv, messages will be lost


###!!! [Child][MessageChannel] Error: (msgtype=0x3A0144,name=PContent::Msg_ScriptError) Channel closing: too late to send/recv, messages will be lost


###!!! [Child][MessageChannel] Error: (msgtype=0x3A0144,name=PContent::Msg_ScriptError) Channel closing: too late to send/recv, messages will be lost


###!!! [Child][MessageChannel] Error: (msgtype=0x3A0144,name=PContent::Msg_ScriptError) Channel closing: too late to send/recv, messages will be lost


###!!! [Child][MessageChannel] Error: (msgtype=0x3A0144,name=PContent::Msg_ScriptError) Channel closing: too late to send/recv, messages will be lost


###!!! [Child][MessageChannel] Error: (msgtype=0x3A0144,name=PContent::Msg_ScriptError) Channel closing: too late to send/recv, messages will be lost


###!!! [Child][RunMessage] Error: Channel closing: too late to send/recv, messages will be lost

1609512030509	geckodriver	INFO	Listening on 127.0.0.1:44485
1609512030513	mozrunner::runner	INFO	Running command: "/usr/bin/firefox" "--marionette" "-foreground" "-no-remote" "-profile" "/tmp/rust_mozprofileIsZ8zK"
console.warn: SearchSettings: "get: No settings file exists, new profile?" (new Error("", "(unknown module)"))
1609512032612	Marionette	INFO	Listening on port 38647
1609512032648	Marionette	WARN	TLS certificate errors will be ignored for this session
JavaScript error: https://adi.admicro.vn/adt/cpc/tvcads/files/js/vietnambiz_inpage/group_site_vietnambiz.js, line 2: TypeError: document.getElementsByClassName(...)[0] is undefined
JavaScript warning: https://static.contineljs.com/core/admcoreext.js, line 357: unreachable code after return statement
JavaScript error: https://cdnstoremedia.com/adt/amt/2020/11/640x3-amt5fe55e71b4193.html, line 73: TypeError: cjs.Bitmap is not a constructor
JavaScript error: https://cdnstoremedia.com/adt/amt/2020/11/640x3-amt5fe55e71b4193.html, line 21: TypeError: AdobeAn.getComposition is not a function
Exiting due to channel error.
Exiting due to channel error.
Exiting due to channel error.
1609512120346	geckodriver	INFO	Listening on 127.0.0.1:59943
1609512120355	mozrunner::runner	INFO	Running command: "/usr/bin/firefox" "--marionette" "-foreground" "-no-remote" "-profile" "/tmp/rust_mozprofilee2cwAU"
console.warn: SearchSettings: "get: No settings file exists, new profile?" (new Error("", "(unknown module)"))
1609512122294	Marionette	INFO	Listening on port 36773
1609512122385	Marionette	WARN	TLS certificate errors will be ignored for this session
JavaScript error: https://adi.admicro.vn/adt/cpc/tvcads/files/js/vietnambiz_inpage/group_site_vietnambiz.js, line 2: TypeError: document.getElementsByClassName(...)[0] is undefined
JavaScript warning: https://static.contineljs.com/core/admcoreext.js, line 357: unreachable code after return statement
JavaScript error: , line 0: NotFoundError: No such JSWindowActor 'MarionetteEvents'
JavaScript error: , line 0: NotFoundError: No such JSWindowActor 'MarionetteEvents'
JavaScript error: , line 0: NotFoundError: No such JSWindowActor 'MarionetteEvents'
1609512127795	Marionette	INFO	Stopped listening on port 36773
JavaScript error: resource://gre/modules/UrlClassifierListManager.jsm, line 691: TypeError: this.tablesData[table] is undefined
JavaScript error: resource://gre/modules/Sqlite.jsm, line 1031: Error: Sqlite.jsm has been shutdown. Cannot open connection to: /tmp/rust_mozprofilee2cwAU/protections.sqlite
1609512285500	geckodriver	INFO	Listening on 127.0.0.1:38651
1609512285507	mozrunner::runner	INFO	Running command: "/usr/bin/firefox" "--marionette" "-foreground" "-no-remote" "-profile" "/tmp/rust_mozprofileh3Yxko"
console.warn: SearchSettings: "get: No settings file exists, new profile?" (new Error("", "(unknown module)"))
1609512287255	Marionette	INFO	Listening on port 42455
1609512287358	Marionette	WARN	TLS certificate errors will be ignored for this session
JavaScript error: https://adi.admicro.vn/adt/cpc/tvcads/files/js/vietnambiz_inpage/group_site_vietnambiz.js, line 2: TypeError: document.getElementsByClassName(...)[0] is undefined
JavaScript warning: https://static.contineljs.com/core/admcoreext.js, line 357: unreachable code after return statement
JavaScript error: , line 0: NotFoundError: No such JSWindowActor 'MarionetteEvents'
JavaScript error: , line 0: NotFoundError: No such JSWindowActor 'MarionetteEvents'
JavaScript error: , line 0: NotFoundError: No such JSWindowActor 'MarionetteEvents'
JavaScript error: , line 0: NotFoundError: No such JSWindowActor 'MarionetteEvents'
1609512309430	Marionette	INFO	Stopped listening on port 42455
JavaScript error: resource://gre/modules/Sqlite.jsm, line 1031: Error: Sqlite.jsm has been shutdown. Cannot open connection to: /tmp/rust_mozprofileh3Yxko/protections.sqlite

###!!! [Child][MessageChannel] Error: (msgtype=0x6C0027,name=PNecko::Msg_RemoveRequestContext) Channel closing: too late to send/recv, messages will be lost


###!!! [Child][RunMessage] Error: Channel closing: too late to send/recv, messages will be lost


###!!! [Child][RunMessage] Error: Channel closing: too late to send/recv, messages will be lost


###!!! [Child][RunMessage] Error: Channel closing: too late to send/recv, messages will be lost


###!!! [Child][RunMessage] Error: Channel closing: too late to send/recv, messages will be lost


###!!! [Child][RunMessage] Error: Channel closing: too late to send/recv, messages will be lost


###!!! [Child][RunMessage] Error: Channel closing: too late to send/recv, messages will be lost


###!!! [Parent][RunMessage] Error: Channel closing: too late to send/recv, messages will be lost

1609513551429	geckodriver	INFO	Listening on 127.0.0.1:41235
1609513551437	mozrunner::runner	INFO	Running command: "/usr/bin/firefox" "--marionette" "-foreground" "-no-remote" "-profile" "/tmp/rust_mozprofilesLy2DY"
console.warn: SearchSettings: "get: No settings file exists, new profile?" (new Error("", "(unknown module)"))
1609513554195	Marionette	INFO	Listening on port 34105
1609513554282	Marionette	WARN	TLS certificate errors will be ignored for this session
1609513556672	Marionette	INFO	Stopped listening on port 34105
IPDL protocol error: Handler returned error code!

###!!! [Parent][DispatchAsyncMessage] Error: PLayerTransaction::Msg_ReleaseLayer Processing error: message was deserialized, but the handler returned false (indicating failure)

IPDL protocol error: Handler returned error code!

###!!! [Parent][DispatchAsyncMessage] Error: PLayerTransaction::Msg_ReleaseLayer Processing error: message was deserialized, but the handler returned false (indicating failure)

IPDL protocol error: Handler returned error code!

###!!! [Parent][DispatchAsyncMessage] Error: PLayerTransaction::Msg_ReleaseLayer Processing error: message was deserialized, but the handler returned false (indicating failure)

IPDL protocol error: Handler returned error code!

###!!! [Parent][DispatchAsyncMessage] Error: PLayerTransaction::Msg_ReleaseLayer Processing error: message was deserialized, but the handler returned false (indicating failure)

IPDL protocol error: Handler returned error code!

###!!! [Parent][DispatchAsyncMessage] Error: PLayerTransaction::Msg_ReleaseLayer Processing error: message was deserialized, but the handler returned false (indicating failure)

IPDL protocol error: Handler returned error code!

###!!! [Parent][DispatchAsyncMessage] Error: PLayerTransaction::Msg_ReleaseLayer Processing error: message was deserialized, but the handler returned false (indicating failure)

IPDL protocol error: Handler returned error code!

###!!! [Parent][DispatchAsyncMessage] Error: PLayerTransaction::Msg_ReleaseLayer Processing error: message was deserialized, but the handler returned false (indicating failure)

IPDL protocol error: Handler returned error code!

###!!! [Parent][DispatchAsyncMessage] Error: PLayerTransaction::Msg_ReleaseLayer Processing error: message was deserialized, but the handler returned false (indicating failure)

IPDL protocol error: Handler returned error code!

###!!! [Parent][DispatchAsyncMessage] Error: PLayerTransaction::Msg_ReleaseLayer Processing error: message was deserialized, but the handler returned false (indicating failure)

IPDL protocol error: Handler returned error code!

###!!! [Parent][DispatchAsyncMessage] Error: PLayerTransaction::Msg_ReleaseLayer Processing error: message was deserialized, but the handler returned false (indicating failure)

IPDL protocol error: Handler returned error code!

###!!! [Parent][DispatchAsyncMessage] Error: PLayerTransaction::Msg_ReleaseLayer Processing error: message was deserialized, but the handler returned false (indicating failure)

IPDL protocol error: Handler returned error code!

###!!! [Parent][DispatchAsyncMessage] Error: PLayerTransaction::Msg_ReleaseLayer Processing error: message was deserialized, but the handler returned false (indicating failure)

IPDL protocol error: Handler returned error code!

###!!! [Parent][DispatchAsyncMessage] Error: PLayerTransaction::Msg_ReleaseLayer Processing error: message was deserialized, but the handler returned false (indicating failure)

IPDL protocol error: Handler returned error code!

###!!! [Parent][DispatchAsyncMessage] Error: PLayerTransaction::Msg_ReleaseLayer Processing error: message was deserialized, but the handler returned false (indicating failure)

IPDL protocol error: Handler returned error code!

###!!! [Parent][DispatchAsyncMessage] Error: PLayerTransaction::Msg_ReleaseLayer Processing error: message was deserialized, but the handler returned false (indicating failure)

IPDL protocol error: Handler returned error code!

###!!! [Parent][DispatchAsyncMessage] Error: PLayerTransaction::Msg_ReleaseLayer Processing error: message was deserialized, but the handler returned false (indicating failure)

IPDL protocol error: Handler returned error code!

###!!! [Parent][DispatchAsyncMessage] Error: PLayerTransaction::Msg_ReleaseLayer Processing error: message was deserialized, but the handler returned false (indicating failure)


###!!! [Child][RunMessage] Error: Channel closing: too late to send/recv, messages will be lost


###!!! [Child][RunMessage] Error: Channel closing: too late to send/recv, messages will be lost

JavaScript error: resource://gre/modules/Sqlite.jsm, line 1031: Error: Sqlite.jsm has been shutdown. Cannot open connection to: /tmp/rust_mozprofilesLy2DY/protections.sqlite
1609515328126	geckodriver	INFO	Listening on 127.0.0.1:37307
1609515328132	mozrunner::runner	INFO	Running command: "/usr/bin/firefox" "--marionette" "-foreground" "-no-remote" "-profile" "/tmp/rust_mozprofileyx40He"
console.warn: SearchSettings: "get: No settings file exists, new profile?" (new Error("", "(unknown module)"))
1609515330014	Marionette	INFO	Listening on port 43227
1609515330059	Marionette	WARN	TLS certificate errors will be ignored for this session
1609515331798	Marionette	INFO	Stopped listening on port 43227
JavaScript error: resource://gre/modules/Sqlite.jsm, line 1031: Error: Sqlite.jsm has been shutdown. Cannot open connection to: /tmp/rust_mozprofileyx40He/protections.sqlite
1609515450441	geckodriver	INFO	Listening on 127.0.0.1:38619
1609515450447	mozrunner::runner	INFO	Running command: "/usr/bin/firefox" "--marionette" "-foreground" "-no-remote" "-profile" "/tmp/rust_mozprofilehmqk1o"
console.warn: SearchSettings: "get: No settings file exists, new profile?" (new Error("", "(unknown module)"))
1609515453504	Marionette	INFO	Listening on port 41321
1609515453598	Marionette	WARN	TLS certificate errors will be ignored for this session
1609515455463	Marionette	INFO	Stopped listening on port 41321
JavaScript error: resource://gre/modules/Sqlite.jsm, line 1031: Error: Sqlite.jsm has been shutdown. Cannot open connection to: /tmp/rust_mozprofilehmqk1o/protections.sqlite
1609515495532	geckodriver	INFO	Listening on 127.0.0.1:42151
1609515495538	mozrunner::runner	INFO	Running command: "/usr/bin/firefox" "--marionette" "-foreground" "-no-remote" "-profile" "/tmp/rust_mozprofilez0j80q"
console.warn: SearchSettings: "get: No settings file exists, new profile?" (new Error("", "(unknown module)"))
1609515498392	Marionette	INFO	Listening on port 36821
1609515498483	Marionette	WARN	TLS certificate errors will be ignored for this session
1609515500852	Marionette	INFO	Stopped listening on port 36821
JavaScript error: resource://gre/modules/Sqlite.jsm, line 1031: Error: Sqlite.jsm has been shutdown. Cannot open connection to: /tmp/rust_mozprofilez0j80q/protections.sqlite

###!!! [Parent][RunMessage] Error: Channel closing: too late to send/recv, messages will be lost

1609515599215	geckodriver	INFO	Listening on 127.0.0.1:54687
1609515599220	mozrunner::runner	INFO	Running command: "/usr/bin/firefox" "--marionette" "-foreground" "-no-remote" "-profile" "/tmp/rust_mozprofileERchCG"
console.warn: SearchSettings: "get: No settings file exists, new profile?" (new Error("", "(unknown module)"))
1609515601211	Marionette	INFO	Listening on port 43061
1609515601255	Marionette	WARN	TLS certificate errors will be ignored for this session
1609515603191	Marionette	INFO	Stopped listening on port 43061

###!!! [Parent][RunMessage] Error: Channel closing: too late to send/recv, messages will be lost

1609515884552	geckodriver	INFO	Listening on 127.0.0.1:53513
1609515884558	mozrunner::runner	INFO	Running command: "/usr/bin/firefox" "--marionette" "-foreground" "-no-remote" "-profile" "/tmp/rust_mozprofileEK7trw"
console.warn: SearchSettings: "get: No settings file exists, new profile?" (new Error("", "(unknown module)"))
1609515886636	Marionette	INFO	Listening on port 41415
1609515886691	Marionette	WARN	TLS certificate errors will be ignored for this session
1609515888673	Marionette	INFO	Stopped listening on port 41415
1609516739852	geckodriver	INFO	Listening on 127.0.0.1:37757
1609516739858	mozrunner::runner	INFO	Running command: "/usr/bin/firefox" "--marionette" "-foreground" "-no-remote" "-profile" "/tmp/rust_mozprofileDKsFm5"
console.warn: SearchSettings: "get: No settings file exists, new profile?" (new Error("", "(unknown module)"))
1609516741620	Marionette	INFO	Listening on port 46105
1609516741684	Marionette	WARN	TLS certificate errors will be ignored for this session
1609516743115	Marionette	INFO	Stopped listening on port 46105
JavaScript error: resource://activity-stream/lib/ASRouter.jsm, line 987: NS_ERROR_ILLEGAL_VALUE: Component returned failure code: 0x80070057 (NS_ERROR_ILLEGAL_VALUE) [nsIObserverService.removeObserver]
IPDL protocol error: Handler returned error code!

###!!! [Parent][DispatchAsyncMessage] Error: PLayerTransaction::Msg_ReleaseLayer Processing error: message was deserialized, but the handler returned false (indicating failure)

IPDL protocol error: Handler returned error code!

###!!! [Parent][DispatchAsyncMessage] Error: PLayerTransaction::Msg_ReleaseLayer Processing error: message was deserialized, but the handler returned false (indicating failure)

IPDL protocol error: Handler returned error code!

###!!! [Parent][DispatchAsyncMessage] Error: PLayerTransaction::Msg_ReleaseLayer Processing error: message was deserialized, but the handler returned false (indicating failure)

IPDL protocol error: Handler returned error code!

###!!! [Parent][DispatchAsyncMessage] Error: PLayerTransaction::Msg_ReleaseLayer Processing error: message was deserialized, but the handler returned false (indicating failure)

IPDL protocol error: Handler returned error code!

###!!! [Parent][DispatchAsyncMessage] Error: PLayerTransaction::Msg_ReleaseLayer Processing error: message was deserialized, but the handler returned false (indicating failure)

1609517476073	geckodriver	INFO	Listening on 127.0.0.1:45367
1609517476086	mozrunner::runner	INFO	Running command: "/usr/bin/firefox" "--marionette" "-foreground" "-no-remote" "-profile" "/tmp/rust_mozprofile3FUYEJ"
console.warn: SearchSettings: "get: No settings file exists, new profile?" (new Error("", "(unknown module)"))
1609517478638	Marionette	INFO	Listening on port 37499
1609517478716	Marionette	WARN	TLS certificate errors will be ignored for this session
1609517481146	Marionette	INFO	Stopped listening on port 37499
JavaScript error: resource://gre/modules/Sqlite.jsm, line 1031: Error: Sqlite.jsm has been shutdown. Cannot open connection to: /tmp/rust_mozprofile3FUYEJ/protections.sqlite
1609769651076	geckodriver	INFO	Listening on 127.0.0.1:49953
1609769652081	mozrunner::runner	INFO	Running command: "/usr/bin/firefox" "--marionette" "-foreground" "-no-remote" "-profile" "/tmp/rust_mozprofile5M9RL0"
console.warn: SearchSettings: "get: No settings file exists, new profile?" (new Error("", "(unknown module)"))
1609769654188	Marionette	INFO	Listening on port 45693
1609769654312	Marionette	WARN	TLS certificate errors will be ignored for this session
JavaScript warning: https://static.contineljs.com/core/admcoreext.js, line 357: unreachable code after return statement
JavaScript warning: https://static.contineljs.com/core/admcoreext.js, line 357: unreachable code after return statement
JavaScript error: https://s0.2mdn.net/dfp/1920020/4925780157/1608288801036/index.html, line 106: TypeError: obj is null

###!!! [Parent][MessageChannel] Error: (msgtype=0x1F0011,name=PBackgroundStorage::Msg_Observe) Channel error: cannot send/recv


###!!! [Parent][MessageChannel] Error: (msgtype=0x1F0011,name=PBackgroundStorage::Msg_Observe) Channel error: cannot send/recv

1609769714017	Marionette	INFO	Stopped listening on port 45693
1609769716470	geckodriver	INFO	Listening on 127.0.0.1:36187
1609769716477	mozrunner::runner	INFO	Running command: "/usr/bin/firefox" "--marionette" "-foreground" "-no-remote" "-profile" "/tmp/rust_mozprofileLpWxq4"
console.warn: SearchSettings: "get: No settings file exists, new profile?" (new Error("", "(unknown module)"))
1609769718530	Marionette	INFO	Listening on port 37329
1609769718611	Marionette	WARN	TLS certificate errors will be ignored for this session
1609769720878	Marionette	INFO	Stopped listening on port 37329
1609769811595	geckodriver	INFO	Listening on 127.0.0.1:55157
1609769811602	mozrunner::runner	INFO	Running command: "/usr/bin/firefox" "--marionette" "-foreground" "-no-remote" "-profile" "/tmp/rust_mozprofileRr3sK8"
console.warn: SearchSettings: "get: No settings file exists, new profile?" (new Error("", "(unknown module)"))
1609769814336	Marionette	INFO	Listening on port 37163
1609769814455	Marionette	WARN	TLS certificate errors will be ignored for this session
1609769818955	Marionette	INFO	Stopped listening on port 37163
JavaScript error: resource://gre/modules/Sqlite.jsm, line 1031: Error: Sqlite.jsm has been shutdown. Cannot open connection to: /tmp/rust_mozprofileRr3sK8/protections.sqlite
1609769855903	geckodriver	INFO	Listening on 127.0.0.1:45127
1609769855911	mozrunner::runner	INFO	Running command: "/usr/bin/firefox" "--marionette" "-foreground" "-no-remote" "-profile" "/tmp/rust_mozprofileVmp0Om"
console.warn: SearchSettings: "get: No settings file exists, new profile?" (new Error("", "(unknown module)"))
1609769858856	Marionette	INFO	Listening on port 33131
1609769858960	Marionette	WARN	TLS certificate errors will be ignored for this session
1609769861815	Marionette	INFO	Stopped listening on port 33131
1609769914944	geckodriver	INFO	Listening on 127.0.0.1:58267
1609769914959	mozrunner::runner	INFO	Running command: "/usr/bin/firefox" "--marionette" "-foreground" "-no-remote" "-profile" "/tmp/rust_mozprofilelUuPBS"
console.warn: SearchSettings: "get: No settings file exists, new profile?" (new Error("", "(unknown module)"))
1609769917918	Marionette	INFO	Listening on port 38013
1609769918028	Marionette	WARN	TLS certificate errors will be ignored for this session
1609769922779	Marionette	INFO	Stopped listening on port 38013
JavaScript error: resource://gre/modules/Sqlite.jsm, line 1031: Error: Sqlite.jsm has been shutdown. Cannot open connection to: /tmp/rust_mozprofilelUuPBS/protections.sqlite
1609769944251	geckodriver	INFO	Listening on 127.0.0.1:47367
1609769944262	mozrunner::runner	INFO	Running command: "/usr/bin/firefox" "--marionette" "-foreground" "-no-remote" "-profile" "/tmp/rust_mozprofileYGOGaz"
console.warn: SearchSettings: "get: No settings file exists, new profile?" (new Error("", "(unknown module)"))
1609769947179	Marionette	INFO	Listening on port 38439
1609769947295	Marionette	WARN	TLS certificate errors will be ignored for this session
1609769950776	Marionette	INFO	Stopped listening on port 38439
1609770039010	geckodriver	INFO	Listening on 127.0.0.1:50649
1609770039017	mozrunner::runner	INFO	Running command: "/usr/bin/firefox" "--marionette" "-foreground" "-no-remote" "-profile" "/tmp/rust_mozprofilehikcPt"
console.warn: SearchSettings: "get: No settings file exists, new profile?" (new Error("", "(unknown module)"))
1609770042493	Marionette	INFO	Listening on port 45493
1609770042574	Marionette	WARN	TLS certificate errors will be ignored for this session
JavaScript warning: https://media1.admicro.vn/core/admcoreext.js, line 357: unreachable code after return statement
JavaScript warning: https://adi.admicro.vn/adt/cpc/tvcads/files/js/core/adm-tracking.js?v=0.3587988562863972, line 3: unreachable code after return statement
JavaScript warning: https://adi.admicro.vn/adt/cpc/tvcads/files/js/core/adm-tracking.js?v=0.3587988562863972, line 3: unreachable code after return statement
JavaScript warning: https://static.contineljs.com/core/admcoreext.js, line 357: unreachable code after return statement
1609770045208	Marionette	INFO	Stopped listening on port 45493
JavaScript error: https://media1.admicro.vn/core/lgnews.js, line 3: TypeError: b[a] is undefined
JavaScript error: resource://gre/modules/Sqlite.jsm, line 1031: Error: Sqlite.jsm has been shutdown. Cannot open connection to: /tmp/rust_mozprofilehikcPt/protections.sqlite
1609773033299	geckodriver	INFO	Listening on 127.0.0.1:36475
1609773034304	mozrunner::runner	INFO	Running command: "/usr/bin/firefox" "--marionette" "-foreground" "-no-remote" "-profile" "/tmp/rust_mozprofilef8LzUr"
console.warn: SearchSettings: "get: No settings file exists, new profile?" (new Error("", "(unknown module)"))
1609773036640	Marionette	INFO	Listening on port 45941
1609773036729	Marionette	WARN	TLS certificate errors will be ignored for this session
JavaScript warning: https://media1.admicro.vn/core/admcoreext.js, line 357: unreachable code after return statement
JavaScript warning: https://adi.admicro.vn/adt/cpc/tvcads/files/js/core/adm-tracking.js?v=0.21209598328542245, line 3: unreachable code after return statement
JavaScript warning: https://adi.admicro.vn/adt/cpc/tvcads/files/js/core/adm-tracking.js?v=0.21209598328542245, line 3: unreachable code after return statement
JavaScript warning: https://static.contineljs.com/core/admcoreext.js, line 357: unreachable code after return statement
1609773040477	Marionette	INFO	Stopped listening on port 45941
JavaScript error: https://media1.admicro.vn/core/lgnews.js, line 3: TypeError: b[a] is undefined

###!!! [Child][MessageChannel] Error: (msgtype=0x3C0001,name=PCookieService::Msg_SetCookies) Channel closing: too late to send/recv, messages will be lost


###!!! [Child][MessageChannel] Error: (msgtype=0x5C000A,name=PHttpChannel::Msg_DeletingChannel) Channel closing: too late to send/recv, messages will be lost


###!!! [Child][RunMessage] Error: Channel closing: too late to send/recv, messages will be lost

1609773126599	geckodriver	INFO	Listening on 127.0.0.1:35647
1609773126615	mozrunner::runner	INFO	Running command: "/usr/bin/firefox" "--marionette" "-foreground" "-no-remote" "-profile" "/tmp/rust_mozprofileqE6oa4"
console.warn: SearchSettings: "get: No settings file exists, new profile?" (new Error("", "(unknown module)"))
1609773128229	Marionette	INFO	Listening on port 44433
1609773128343	Marionette	WARN	TLS certificate errors will be ignored for this session
JavaScript warning: https://media1.admicro.vn/core/admcoreext.js, line 357: unreachable code after return statement
JavaScript warning: https://adi.admicro.vn/adt/cpc/tvcads/files/js/core/adm-tracking.js?v=0.6892557508292035, line 3: unreachable code after return statement
JavaScript warning: https://adi.admicro.vn/adt/cpc/tvcads/files/js/core/adm-tracking.js?v=0.6892557508292035, line 3: unreachable code after return statement
JavaScript warning: https://static.contineljs.com/core/admcoreext.js, line 357: unreachable code after return statement
1609773132207	Marionette	INFO	Stopped listening on port 44433
JavaScript error: https://media1.admicro.vn/core/lgnews.js, line 3: TypeError: b[a] is undefined
1609773368042	geckodriver	INFO	Listening on 127.0.0.1:55283
1609773368069	mozrunner::runner	INFO	Running command: "/usr/bin/firefox" "--marionette" "-foreground" "-no-remote" "-profile" "/tmp/rust_mozprofile2ulFfU"
console.warn: SearchSettings: "get: No settings file exists, new profile?" (new Error("", "(unknown module)"))
1609773369934	Marionette	INFO	Listening on port 33991
1609773369998	Marionette	WARN	TLS certificate errors will be ignored for this session
JavaScript warning: https://media1.admicro.vn/core/admcoreext.js, line 357: unreachable code after return statement
JavaScript warning: https://adi.admicro.vn/adt/cpc/tvcads/files/js/core/adm-tracking.js?v=0.5330508597013361, line 3: unreachable code after return statement
JavaScript warning: https://adi.admicro.vn/adt/cpc/tvcads/files/js/core/adm-tracking.js?v=0.5330508597013361, line 3: unreachable code after return statement
JavaScript warning: https://static.contineljs.com/core/admcoreext.js, line 357: unreachable code after return statement
1609773384200	Marionette	INFO	Stopped listening on port 33991
JavaScript error: https://media1.admicro.vn/core/lgnews.js, line 3: TypeError: b[a] is undefined
JavaScript error: resource://gre/modules/Sqlite.jsm, line 1031: Error: Sqlite.jsm has been shutdown. Cannot open connection to: /tmp/rust_mozprofile2ulFfU/protections.sqlite
1609774459857	geckodriver	INFO	Listening on 127.0.0.1:58525
1609774459860	mozrunner::runner	INFO	Running command: "/usr/bin/firefox" "--marionette" "-headless" "-foreground" "-no-remote" "-profile" "/tmp/rust_mozprofileKBKZrq"
*** You are running in headless mode.

(firefox:16804): GLib-GObject-WARNING **: 10:34:20.199: invalid (NULL) pointer instance

(firefox:16804): GLib-GObject-CRITICAL **: 10:34:20.199: g_signal_connect_data: assertion 'G_TYPE_CHECK_INSTANCE (instance)' failed

(/usr/lib/firefox/firefox:16860): GLib-GObject-WARNING **: 10:34:20.568: invalid (NULL) pointer instance

(/usr/lib/firefox/firefox:16860): GLib-GObject-CRITICAL **: 10:34:20.568: g_signal_connect_data: assertion 'G_TYPE_CHECK_INSTANCE (instance)' failed

(/usr/lib/firefox/firefox:16882): GLib-GObject-WARNING **: 10:34:20.650: invalid (NULL) pointer instance

(/usr/lib/firefox/firefox:16882): GLib-GObject-CRITICAL **: 10:34:20.650: g_signal_connect_data: assertion 'G_TYPE_CHECK_INSTANCE (instance)' failed
console.warn: SearchSettings: "get: No settings file exists, new profile?" (new Error("", "(unknown module)"))
1609774461241	Marionette	INFO	Listening on port 45141
1609774461278	Marionette	WARN	TLS certificate errors will be ignored for this session

(/usr/lib/firefox/firefox:16962): GLib-GObject-WARNING **: 10:34:21.536: invalid (NULL) pointer instance

(/usr/lib/firefox/firefox:16962): GLib-GObject-CRITICAL **: 10:34:21.536: g_signal_connect_data: assertion 'G_TYPE_CHECK_INSTANCE (instance)' failed
JavaScript warning: https://media1.admicro.vn/core/admcoreext.js, line 357: unreachable code after return statement
JavaScript warning: https://adi.admicro.vn/adt/cpc/tvcads/files/js/core/adm-tracking.js?v=0.042545611126488136, line 3: unreachable code after return statement
JavaScript warning: https://adi.admicro.vn/adt/cpc/tvcads/files/js/core/adm-tracking.js?v=0.042545611126488136, line 3: unreachable code after return statement
JavaScript warning: https://static.contineljs.com/core/admcoreext.js, line 357: unreachable code after return statement
JavaScript warning: https://cafef.vn/imf-du-bao-viet-nam-tang-truong-gdp-65-trong-nam-2019-20190717102838593.chn line 1 > injectedScript, line 1: WebGL warning: <Create>: Can't use WebGL in headless mode (https://bugzil.la/1375585).
JavaScript warning: https://cafef.vn/imf-du-bao-viet-nam-tang-truong-gdp-65-trong-nam-2019-20190717102838593.chn line 1 > injectedScript, line 1: Failed to create WebGL context: WebGL creation failed: 
* Can't use WebGL in headless mode (https://bugzil.la/1375585).
JavaScript warning: https://cafef.vn/imf-du-bao-viet-nam-tang-truong-gdp-65-trong-nam-2019-20190717102838593.chn line 1 > injectedScript, line 1: WebGL warning: <Create>: Can't use WebGL in headless mode (https://bugzil.la/1375585).
JavaScript warning: https://cafef.vn/imf-du-bao-viet-nam-tang-truong-gdp-65-trong-nam-2019-20190717102838593.chn line 1 > injectedScript, line 1: Failed to create WebGL context: WebGL creation failed: 
* Can't use WebGL in headless mode (https://bugzil.la/1375585).
JavaScript warning: https://cafef.vn/imf-du-bao-viet-nam-tang-truong-gdp-65-trong-nam-2019-20190717102838593.chn line 1 > injectedScript, line 1: WebGL warning: <Create>: Can't use WebGL in headless mode (https://bugzil.la/1375585).
JavaScript warning: https://cafef.vn/imf-du-bao-viet-nam-tang-truong-gdp-65-trong-nam-2019-20190717102838593.chn line 1 > injectedScript, line 1: Failed to create WebGL context: WebGL creation failed: 
* Can't use WebGL in headless mode (https://bugzil.la/1375585).
JavaScript warning: https://cafef.vn/imf-du-bao-viet-nam-tang-truong-gdp-65-trong-nam-2019-20190717102838593.chn line 1 > injectedScript, line 1: WebGL warning: <Create>: Can't use WebGL in headless mode (https://bugzil.la/1375585).
JavaScript warning: https://cafef.vn/imf-du-bao-viet-nam-tang-truong-gdp-65-trong-nam-2019-20190717102838593.chn line 1 > injectedScript, line 1: Failed to create WebGL context: WebGL creation failed: 
* Can't use WebGL in headless mode (https://bugzil.la/1375585).
1609774469668	Marionette	INFO	Stopped listening on port 45141
JavaScript error: https://media1.admicro.vn/core/lgnews.js, line 3: TypeError: b[a] is undefined

###!!! [Parent][RunMessage] Error: Channel closing: too late to send/recv, messages will be lost

